====================================
Types potentially sent from browser:
====================================

Reachable types computed on: Tue Jan 17 15:17:55 CET 2012
E
   Serialization status
      Not serializable
   Path
      'E' is reachable from field 'exposeElement' of type 'java.util.ArrayList<E>'
      'java.util.ArrayList<java.lang.String>' is reachable as a subtype of type 'class java.util.ArrayList<java.lang.String>'
      'java.util.ArrayList<java.lang.String>' is reachable from field 'before' of type 'org.unito.client.Task'
      'org.unito.client.Task' is reachable as a subtype of type 'class org.unito.client.Task'
      Type 'org.unito.client.Task' is reachable from array type 'org.unito.client.Task[]'
      'org.unito.client.Task[]' is reachable from field 'tasks' of type 'org.unito.client.ViaVai'
      'org.unito.client.ViaVai' is reachable as a subtype of type 'class org.unito.client.ViaVai'
      Started from 'org.unito.client.ViaVai'

boolean
   Serialization status
      Not serializable
   Path
      'boolean' is reachable from field 'overlap' of type 'org.unito.client.Task'
      'org.unito.client.Task' is reachable as a subtype of type 'class org.unito.client.Task'
      Type 'org.unito.client.Task' is reachable from array type 'org.unito.client.Task[]'
      'org.unito.client.Task[]' is reachable from field 'tasks' of type 'org.unito.client.ViaVai'
      'org.unito.client.ViaVai' is reachable as a subtype of type 'class org.unito.client.ViaVai'
      Started from 'org.unito.client.ViaVai'

com.google.gwt.user.client.rpc.IncompatibleRemoteServiceException
   Serialization status
      Instantiable
   Path
      Started from 'com.google.gwt.user.client.rpc.IncompatibleRemoteServiceException'

com.google.gwt.user.client.rpc.XsrfToken
   Serialization status
      Instantiable
   Path
      Started from 'com.google.gwt.user.client.rpc.XsrfToken'

int
   Serialization status
      Not serializable
   Path
      'int' is reachable from field 'firstStartHour' of type 'org.unito.client.Task'
      'org.unito.client.Task' is reachable as a subtype of type 'class org.unito.client.Task'
      Type 'org.unito.client.Task' is reachable from array type 'org.unito.client.Task[]'
      'org.unito.client.Task[]' is reachable from field 'tasks' of type 'org.unito.client.ViaVai'
      'org.unito.client.ViaVai' is reachable as a subtype of type 'class org.unito.client.ViaVai'
      Started from 'org.unito.client.ViaVai'

java.lang.Exception
   Serialization status
      Field serializable
   Path
      'java.lang.Exception' is reachable as a supertype of type 'class java.lang.RuntimeException'
      'java.lang.RuntimeException' is reachable as a supertype of type 'class com.google.gwt.user.client.rpc.IncompatibleRemoteServiceException'
      'com.google.gwt.user.client.rpc.IncompatibleRemoteServiceException' is reachable as a subtype of type 'class com.google.gwt.user.client.rpc.IncompatibleRemoteServiceException'
      Started from 'com.google.gwt.user.client.rpc.IncompatibleRemoteServiceException'

java.lang.RuntimeException
   Serialization status
      Field serializable
   Path
      'java.lang.RuntimeException' is reachable as a supertype of type 'class com.google.gwt.user.client.rpc.IncompatibleRemoteServiceException'
      'com.google.gwt.user.client.rpc.IncompatibleRemoteServiceException' is reachable as a subtype of type 'class com.google.gwt.user.client.rpc.IncompatibleRemoteServiceException'
      Started from 'com.google.gwt.user.client.rpc.IncompatibleRemoteServiceException'

java.lang.String
   Serialization status
      Instantiable
   Path
      Started from 'java.lang.String'

java.lang.Throwable
   Serialization status
      Field serializable
   Path
      'java.lang.Throwable' is reachable as a supertype of type 'class java.lang.Exception'
      'java.lang.Exception' is reachable as a supertype of type 'class java.lang.RuntimeException'
      'java.lang.RuntimeException' is reachable as a supertype of type 'class com.google.gwt.user.client.rpc.IncompatibleRemoteServiceException'
      'com.google.gwt.user.client.rpc.IncompatibleRemoteServiceException' is reachable as a subtype of type 'class com.google.gwt.user.client.rpc.IncompatibleRemoteServiceException'
      Started from 'com.google.gwt.user.client.rpc.IncompatibleRemoteServiceException'

java.util.ArrayList<org.unito.client.Interval>
   Serialization status
      Instantiable
   Path
      'java.util.ArrayList<org.unito.client.Interval>' is reachable from field 'intervals' of type 'org.unito.client.Task'
      'org.unito.client.Task' is reachable as a subtype of type 'class org.unito.client.Task'
      Type 'org.unito.client.Task' is reachable from array type 'org.unito.client.Task[]'
      'org.unito.client.Task[]' is reachable from field 'tasks' of type 'org.unito.client.ViaVai'
      'org.unito.client.ViaVai' is reachable as a subtype of type 'class org.unito.client.ViaVai'
      Started from 'org.unito.client.ViaVai'

java.util.ArrayList<java.lang.String>
   Serialization status
      Instantiable
   Path
      'java.util.ArrayList<java.lang.String>' is reachable from field 'before' of type 'org.unito.client.Task'
      'org.unito.client.Task' is reachable as a subtype of type 'class org.unito.client.Task'
      Type 'org.unito.client.Task' is reachable from array type 'org.unito.client.Task[]'
      'org.unito.client.Task[]' is reachable from field 'tasks' of type 'org.unito.client.ViaVai'
      'org.unito.client.ViaVai' is reachable as a subtype of type 'class org.unito.client.ViaVai'
      Started from 'org.unito.client.ViaVai'

org.unito.client.Interval
   Serialization status
      Instantiable
   Path
      'org.unito.client.Interval' is reachable from type argument 0 of type 'java.util.ArrayList<E>'
      'java.util.ArrayList<org.unito.client.Interval>' is reachable as a subtype of type 'class java.util.ArrayList<org.unito.client.Interval>'
      'java.util.ArrayList<org.unito.client.Interval>' is reachable from field 'intervals' of type 'org.unito.client.Task'
      'org.unito.client.Task' is reachable as a subtype of type 'class org.unito.client.Task'
      Type 'org.unito.client.Task' is reachable from array type 'org.unito.client.Task[]'
      'org.unito.client.Task[]' is reachable from field 'tasks' of type 'org.unito.client.ViaVai'
      'org.unito.client.ViaVai' is reachable as a subtype of type 'class org.unito.client.ViaVai'
      Started from 'org.unito.client.ViaVai'

org.unito.client.Interval[]
   Serialization status
      Instantiable
   Path
      'org.unito.client.Interval[]' is reachable from field 'globalSchedule' of type 'org.unito.client.ViaVai'
      'org.unito.client.ViaVai' is reachable as a subtype of type 'class org.unito.client.ViaVai'
      Started from 'org.unito.client.ViaVai'

org.unito.client.StartInterval
   Serialization status
      Instantiable
   Path
      'org.unito.client.StartInterval' is reachable as a subtype of type 'class org.unito.client.Interval'
      'org.unito.client.Interval' is reachable from type argument 0 of type 'java.util.ArrayList<E>'
      'java.util.ArrayList<org.unito.client.Interval>' is reachable as a subtype of type 'class java.util.ArrayList<org.unito.client.Interval>'
      'java.util.ArrayList<org.unito.client.Interval>' is reachable from field 'intervals' of type 'org.unito.client.Task'
      'org.unito.client.Task' is reachable as a subtype of type 'class org.unito.client.Task'
      Type 'org.unito.client.Task' is reachable from array type 'org.unito.client.Task[]'
      'org.unito.client.Task[]' is reachable from field 'tasks' of type 'org.unito.client.ViaVai'
      'org.unito.client.ViaVai' is reachable as a subtype of type 'class org.unito.client.ViaVai'
      Started from 'org.unito.client.ViaVai'

org.unito.client.StartInterval[]
   Serialization status
      Instantiable
   Path
      'org.unito.client.Interval[]' is reachable from field 'globalSchedule' of type 'org.unito.client.ViaVai'
      'org.unito.client.ViaVai' is reachable as a subtype of type 'class org.unito.client.ViaVai'
      Started from 'org.unito.client.ViaVai'

org.unito.client.Task
   Serialization status
      Instantiable
   Path
      Type 'org.unito.client.Task' is reachable from array type 'org.unito.client.Task[]'
      'org.unito.client.Task[]' is reachable from field 'tasks' of type 'org.unito.client.ViaVai'
      'org.unito.client.ViaVai' is reachable as a subtype of type 'class org.unito.client.ViaVai'
      Started from 'org.unito.client.ViaVai'

org.unito.client.Task[]
   Serialization status
      Instantiable
   Path
      'org.unito.client.Task[]' is reachable from field 'tasks' of type 'org.unito.client.ViaVai'
      'org.unito.client.ViaVai' is reachable as a subtype of type 'class org.unito.client.ViaVai'
      Started from 'org.unito.client.ViaVai'

org.unito.client.ViaVai
   Serialization status
      Instantiable
   Path
      Started from 'org.unito.client.ViaVai'

===================================
Types potentially sent from server:
===================================

Reachable types computed on: Tue Jan 17 15:17:55 CET 2012
E
   Serialization status
      Not serializable
   Path
      'E' is reachable from field 'exposeElement' of type 'java.util.ArrayList<E>'
      'java.util.ArrayList<java.lang.String>' is reachable as a subtype of type 'class java.util.ArrayList<java.lang.String>'
      'java.util.ArrayList<java.lang.String>' is reachable from field 'before' of type 'org.unito.client.Task'
      'org.unito.client.Task' is reachable as a subtype of type 'class org.unito.client.Task'
      Type 'org.unito.client.Task' is reachable from array type 'org.unito.client.Task[]'
      'org.unito.client.Task[]' is reachable from field 'tasks' of type 'org.unito.client.ViaVai'
      'org.unito.client.ViaVai' is reachable as a subtype of type 'class org.unito.client.ViaVai'
      Started from 'org.unito.client.ViaVai'

boolean
   Serialization status
      Not serializable
   Path
      'boolean' is reachable from field 'overlap' of type 'org.unito.client.Task'
      'org.unito.client.Task' is reachable as a subtype of type 'class org.unito.client.Task'
      Type 'org.unito.client.Task' is reachable from array type 'org.unito.client.Task[]'
      'org.unito.client.Task[]' is reachable from field 'tasks' of type 'org.unito.client.ViaVai'
      'org.unito.client.ViaVai' is reachable as a subtype of type 'class org.unito.client.ViaVai'
      Started from 'org.unito.client.ViaVai'

com.google.gwt.user.client.rpc.IncompatibleRemoteServiceException
   Serialization status
      Instantiable
   Path
      Started from 'com.google.gwt.user.client.rpc.IncompatibleRemoteServiceException'

com.google.gwt.user.client.rpc.RpcTokenException
   Serialization status
      Instantiable
   Path
      Started from 'com.google.gwt.user.client.rpc.RpcTokenException'

int
   Serialization status
      Not serializable
   Path
      'int' is reachable from field 'firstStartHour' of type 'org.unito.client.Task'
      'org.unito.client.Task' is reachable as a subtype of type 'class org.unito.client.Task'
      Type 'org.unito.client.Task' is reachable from array type 'org.unito.client.Task[]'
      'org.unito.client.Task[]' is reachable from field 'tasks' of type 'org.unito.client.ViaVai'
      'org.unito.client.ViaVai' is reachable as a subtype of type 'class org.unito.client.ViaVai'
      Started from 'org.unito.client.ViaVai'

java.lang.Exception
   Serialization status
      Field serializable
   Path
      'java.lang.Exception' is reachable as a supertype of type 'class java.lang.RuntimeException'
      'java.lang.RuntimeException' is reachable as a supertype of type 'class com.google.gwt.user.client.rpc.IncompatibleRemoteServiceException'
      'com.google.gwt.user.client.rpc.IncompatibleRemoteServiceException' is reachable as a subtype of type 'class com.google.gwt.user.client.rpc.IncompatibleRemoteServiceException'
      Started from 'com.google.gwt.user.client.rpc.IncompatibleRemoteServiceException'

java.lang.RuntimeException
   Serialization status
      Field serializable
   Path
      'java.lang.RuntimeException' is reachable as a supertype of type 'class com.google.gwt.user.client.rpc.IncompatibleRemoteServiceException'
      'com.google.gwt.user.client.rpc.IncompatibleRemoteServiceException' is reachable as a subtype of type 'class com.google.gwt.user.client.rpc.IncompatibleRemoteServiceException'
      Started from 'com.google.gwt.user.client.rpc.IncompatibleRemoteServiceException'

java.lang.String
   Serialization status
      Instantiable
   Path
      Started from 'java.lang.String'

java.lang.Throwable
   Serialization status
      Field serializable
   Path
      'java.lang.Throwable' is reachable as a supertype of type 'class java.lang.Exception'
      'java.lang.Exception' is reachable as a supertype of type 'class java.lang.RuntimeException'
      'java.lang.RuntimeException' is reachable as a supertype of type 'class com.google.gwt.user.client.rpc.IncompatibleRemoteServiceException'
      'com.google.gwt.user.client.rpc.IncompatibleRemoteServiceException' is reachable as a subtype of type 'class com.google.gwt.user.client.rpc.IncompatibleRemoteServiceException'
      Started from 'com.google.gwt.user.client.rpc.IncompatibleRemoteServiceException'

java.util.ArrayList<org.unito.client.Interval>
   Serialization status
      Instantiable
   Path
      'java.util.ArrayList<org.unito.client.Interval>' is reachable from field 'intervals' of type 'org.unito.client.Task'
      'org.unito.client.Task' is reachable as a subtype of type 'class org.unito.client.Task'
      Type 'org.unito.client.Task' is reachable from array type 'org.unito.client.Task[]'
      'org.unito.client.Task[]' is reachable from field 'tasks' of type 'org.unito.client.ViaVai'
      'org.unito.client.ViaVai' is reachable as a subtype of type 'class org.unito.client.ViaVai'
      Started from 'org.unito.client.ViaVai'

java.util.ArrayList<java.lang.String>
   Serialization status
      Instantiable
   Path
      'java.util.ArrayList<java.lang.String>' is reachable from field 'before' of type 'org.unito.client.Task'
      'org.unito.client.Task' is reachable as a subtype of type 'class org.unito.client.Task'
      Type 'org.unito.client.Task' is reachable from array type 'org.unito.client.Task[]'
      'org.unito.client.Task[]' is reachable from field 'tasks' of type 'org.unito.client.ViaVai'
      'org.unito.client.ViaVai' is reachable as a subtype of type 'class org.unito.client.ViaVai'
      Started from 'org.unito.client.ViaVai'

org.unito.client.Interval
   Serialization status
      Instantiable
   Path
      'org.unito.client.Interval' is reachable from type argument 0 of type 'java.util.ArrayList<E>'
      'java.util.ArrayList<org.unito.client.Interval>' is reachable as a subtype of type 'class java.util.ArrayList<org.unito.client.Interval>'
      'java.util.ArrayList<org.unito.client.Interval>' is reachable from field 'intervals' of type 'org.unito.client.Task'
      'org.unito.client.Task' is reachable as a subtype of type 'class org.unito.client.Task'
      Type 'org.unito.client.Task' is reachable from array type 'org.unito.client.Task[]'
      'org.unito.client.Task[]' is reachable from field 'tasks' of type 'org.unito.client.ViaVai'
      'org.unito.client.ViaVai' is reachable as a subtype of type 'class org.unito.client.ViaVai'
      Started from 'org.unito.client.ViaVai'

org.unito.client.Interval[]
   Serialization status
      Instantiable
   Path
      'org.unito.client.Interval[]' is reachable from field 'globalSchedule' of type 'org.unito.client.ViaVai'
      'org.unito.client.ViaVai' is reachable as a subtype of type 'class org.unito.client.ViaVai'
      Started from 'org.unito.client.ViaVai'

org.unito.client.StartInterval
   Serialization status
      Instantiable
   Path
      'org.unito.client.StartInterval' is reachable as a subtype of type 'class org.unito.client.Interval'
      'org.unito.client.Interval' is reachable from type argument 0 of type 'java.util.ArrayList<E>'
      'java.util.ArrayList<org.unito.client.Interval>' is reachable as a subtype of type 'class java.util.ArrayList<org.unito.client.Interval>'
      'java.util.ArrayList<org.unito.client.Interval>' is reachable from field 'intervals' of type 'org.unito.client.Task'
      'org.unito.client.Task' is reachable as a subtype of type 'class org.unito.client.Task'
      Type 'org.unito.client.Task' is reachable from array type 'org.unito.client.Task[]'
      'org.unito.client.Task[]' is reachable from field 'tasks' of type 'org.unito.client.ViaVai'
      'org.unito.client.ViaVai' is reachable as a subtype of type 'class org.unito.client.ViaVai'
      Started from 'org.unito.client.ViaVai'

org.unito.client.StartInterval[]
   Serialization status
      Instantiable
   Path
      'org.unito.client.Interval[]' is reachable from field 'globalSchedule' of type 'org.unito.client.ViaVai'
      'org.unito.client.ViaVai' is reachable as a subtype of type 'class org.unito.client.ViaVai'
      Started from 'org.unito.client.ViaVai'

org.unito.client.Task
   Serialization status
      Instantiable
   Path
      Type 'org.unito.client.Task' is reachable from array type 'org.unito.client.Task[]'
      'org.unito.client.Task[]' is reachable from field 'tasks' of type 'org.unito.client.ViaVai'
      'org.unito.client.ViaVai' is reachable as a subtype of type 'class org.unito.client.ViaVai'
      Started from 'org.unito.client.ViaVai'

org.unito.client.Task[]
   Serialization status
      Instantiable
   Path
      'org.unito.client.Task[]' is reachable from field 'tasks' of type 'org.unito.client.ViaVai'
      'org.unito.client.ViaVai' is reachable as a subtype of type 'class org.unito.client.ViaVai'
      Started from 'org.unito.client.ViaVai'

org.unito.client.ViaVai
   Serialization status
      Instantiable
   Path
      Started from 'org.unito.client.ViaVai'

